INFO    2025-04-09 09:17:01,666E:\Software Test\Auto Test\CathyAuto\cathyDemo1\logs\info-2025-04-09.log:run.py:21 
                             _    _         _      _____         _
              __ _ _ __ (_)  / \  _   _| |_ __|_   _|__  ___| |_
             / _` | '_ \| | / _ \| | | | __/ _ \| |/ _ \/ __| __|
            | (_| | |_) | |/ ___ \ |_| | || (_) | |  __/\__ \ |_
             \__,_| .__/|_/_/   \_\__,_|\__\___/|_|\___||___/\__|
                  |_|
                  开始执行xxx项目名称项目...
                
INFO    2025-04-09 09:19:12,850E:\Software Test\Auto Test\CathyAuto\cathyDemo1\logs\info-2025-04-09.log:run.py:21 
                             _    _         _      _____         _
              __ _ _ __ (_)  / \  _   _| |_ __|_   _|__  ___| |_
             / _` | '_ \| | / _ \| | | | __/ _ \| |/ _ \/ __| __|
            | (_| | |_) | |/ ___ \ |_| | || (_) | |  __/\__ \ |_
             \__,_| .__/|_/_/   \_\__,_|\__\___/|_|\___||___/\__|
                  |_|
                  开始执行xxx项目名称项目...
                
INFO    2025-04-09 09:20:48,206E:\Software Test\Auto Test\CathyAuto\cathyDemo1\logs\info-2025-04-09.log:run.py:21 
                             _    _         _      _____         _
              __ _ _ __ (_)  / \  _   _| |_ __|_   _|__  ___| |_
             / _` | '_ \| | / _ \| | | | __/ _ \| |/ _ \/ __| __|
            | (_| | |_) | |/ ___ \ |_| | || (_) | |  __/\__ \ |_
             \__,_| .__/|_/_/   \_\__,_|\__\___/|_|\___||___/\__|
                  |_|
                  开始执行xxx项目名称项目...
                
INFO    2025-04-09 09:23:38,214E:\Software Test\Auto Test\CathyAuto\cathyDemo1\logs\info-2025-04-09.log:run.py:21 
                             _    _         _      _____         _
              __ _ _ __ (_)  / \  _   _| |_ __|_   _|__  ___| |_
             / _` | '_ \| | / _ \| | | | __/ _ \| |/ _ \/ __| __|
            | (_| | |_) | |/ ___ \ |_| | || (_) | |  __/\__ \ |_
             \__,_| .__/|_/_/   \_\__,_|\__\___/|_|\___||___/\__|
                  |_|
                  开始执行xxx项目名称项目...
                
INFO    2025-04-09 09:24:10,630E:\Software Test\Auto Test\CathyAuto\cathyDemo1\logs\info-2025-04-09.log:run.py:21 
                             _    _         _      _____         _
              __ _ _ __ (_)  / \  _   _| |_ __|_   _|__  ___| |_
             / _` | '_ \| | / _ \| | | | __/ _ \| |/ _ \/ __| __|
            | (_| | |_) | |/ ___ \ |_| | || (_) | |  __/\__ \ |_
             \__,_| .__/|_/_/   \_\__,_|\__\___/|_|\___||___/\__|
                  |_|
                  开始执行xxx项目名称项目...
                
INFO    2025-04-09 09:27:27,104E:\Software Test\Auto Test\CathyAuto\cathyDemo1\logs\info-2025-04-09.log:run.py:21 
                             _    _         _      _____         _
              __ _ _ __ (_)  / \  _   _| |_ __|_   _|__  ___| |_
             / _` | '_ \| | / _ \| | | | __/ _ \| |/ _ \/ __| __|
            | (_| | |_) | |/ ___ \ |_| | || (_) | |  __/\__ \ |_
             \__,_| .__/|_/_/   \_\__,_|\__\___/|_|\___||___/\__|
                  |_|
                  开始执行xxx项目名称项目...
                
INFO    2025-04-09 09:30:51,178E:\Software Test\Auto Test\CathyAuto\cathyDemo1\logs\info-2025-04-09.log:run.py:21 
                             _    _         _      _____         _
              __ _ _ __ (_)  / \  _   _| |_ __|_   _|__  ___| |_
             / _` | '_ \| | / _ \| | | | __/ _ \| |/ _ \/ __| __|
            | (_| | |_) | |/ ___ \ |_| | || (_) | |  __/\__ \ |_
             \__,_| .__/|_/_/   \_\__,_|\__\___/|_|\___||___/\__|
                  |_|
                  开始执行xxx项目名称项目...
                
INFO    2025-04-09 09:32:42,330E:\Software Test\Auto Test\CathyAuto\cathyDemo1\logs\info-2025-04-09.log:run.py:21 
                             _    _         _      _____         _
              __ _ _ __ (_)  / \  _   _| |_ __|_   _|__  ___| |_
             / _` | '_ \| | / _ \| | | | __/ _ \| |/ _ \/ __| __|
            | (_| | |_) | |/ ___ \ |_| | || (_) | |  __/\__ \ |_
             \__,_| .__/|_/_/   \_\__,_|\__\___/|_|\___||___/\__|
                  |_|
                  开始执行xxx项目名称项目...
                
INFO    2025-04-09 09:33:29,552E:\Software Test\Auto Test\CathyAuto\cathyDemo1\logs\info-2025-04-09.log:run.py:21 
                             _    _         _      _____         _
              __ _ _ __ (_)  / \  _   _| |_ __|_   _|__  ___| |_
             / _` | '_ \| | / _ \| | | | __/ _ \| |/ _ \/ __| __|
            | (_| | |_) | |/ ___ \ |_| | || (_) | |  __/\__ \ |_
             \__,_| .__/|_/_/   \_\__,_|\__\___/|_|\___||___/\__|
                  |_|
                  开始执行xxx项目名称项目...
                
INFO    2025-04-09 09:36:12,806E:\Software Test\Auto Test\CathyAuto\cathyDemo1\logs\info-2025-04-09.log:run.py:21 
                             _    _         _      _____         _
              __ _ _ __ (_)  / \  _   _| |_ __|_   _|__  ___| |_
             / _` | '_ \| | / _ \| | | | __/ _ \| |/ _ \/ __| __|
            | (_| | |_) | |/ ___ \ |_| | || (_) | |  __/\__ \ |_
             \__,_| .__/|_/_/   \_\__,_|\__\___/|_|\___||___/\__|
                  |_|
                  开始执行xxx项目名称项目...
                
INFO    2025-04-09 09:39:30,426E:\Software Test\Auto Test\CathyAuto\cathyDemo1\logs\info-2025-04-09.log:run.py:21 
                             _    _         _      _____         _
              __ _ _ __ (_)  / \  _   _| |_ __|_   _|__  ___| |_
             / _` | '_ \| | / _ \| | | | __/ _ \| |/ _ \/ __| __|
            | (_| | |_) | |/ ___ \ |_| | || (_) | |  __/\__ \ |_
             \__,_| .__/|_/_/   \_\__,_|\__\___/|_|\___||___/\__|
                  |_|
                  开始执行xxx项目名称项目...
                
INFO    2025-04-09 09:39:52,596E:\Software Test\Auto Test\CathyAuto\cathyDemo1\logs\info-2025-04-09.log:run.py:21 
                             _    _         _      _____         _
              __ _ _ __ (_)  / \  _   _| |_ __|_   _|__  ___| |_
             / _` | '_ \| | / _ \| | | | __/ _ \| |/ _ \/ __| __|
            | (_| | |_) | |/ ___ \ |_| | || (_) | |  __/\__ \ |_
             \__,_| .__/|_/_/   \_\__,_|\__\___/|_|\___||___/\__|
                  |_|
                  开始执行xxx项目名称项目...
                
INFO    2025-04-09 09:40:59,570E:\Software Test\Auto Test\CathyAuto\cathyDemo1\logs\info-2025-04-09.log:run.py:21 
                             _    _         _      _____         _
              __ _ _ __ (_)  / \  _   _| |_ __|_   _|__  ___| |_
             / _` | '_ \| | / _ \| | | | __/ _ \| |/ _ \/ __| __|
            | (_| | |_) | |/ ___ \ |_| | || (_) | |  __/\__ \ |_
             \__,_| .__/|_/_/   \_\__,_|\__\___/|_|\___||___/\__|
                  |_|
                  开始执行xxx项目名称项目...
                
INFO    2025-04-09 09:47:27,839E:\Software Test\Auto Test\CathyAuto\cathyDemo1\logs\info-2025-04-09.log:run.py:20 
                             _    _         _      _____         _
              __ _ _ __ (_)  / \  _   _| |_ __|_   _|__  ___| |_
             / _` | '_ \| | / _ \| | | | __/ _ \| |/ _ \/ __| __|
            | (_| | |_) | |/ ___ \ |_| | || (_) | |  __/\__ \ |_
             \__,_| .__/|_/_/   \_\__,_|\__\___/|_|\___||___/\__|
                  |_|
                  开始执行xxx项目名称项目...
                
INFO    2025-04-09 09:48:04,145E:\Software Test\Auto Test\CathyAuto\cathyDemo1\logs\info-2025-04-09.log:run.py:20 
                             _    _         _      _____         _
              __ _ _ __ (_)  / \  _   _| |_ __|_   _|__  ___| |_
             / _` | '_ \| | / _ \| | | | __/ _ \| |/ _ \/ __| __|
            | (_| | |_) | |/ ___ \ |_| | || (_) | |  __/\__ \ |_
             \__,_| .__/|_/_/   \_\__,_|\__\___/|_|\___||___/\__|
                  |_|
                  开始执行xxx项目名称项目...
                
INFO    2025-04-09 09:48:54,736E:\Software Test\Auto Test\CathyAuto\cathyDemo1\logs\info-2025-04-09.log:run.py:20 
                             _    _         _      _____         _
              __ _ _ __ (_)  / \  _   _| |_ __|_   _|__  ___| |_
             / _` | '_ \| | / _ \| | | | __/ _ \| |/ _ \/ __| __|
            | (_| | |_) | |/ ___ \ |_| | || (_) | |  __/\__ \ |_
             \__,_| .__/|_/_/   \_\__,_|\__\___/|_|\___||___/\__|
                  |_|
                  开始执行xxx项目名称项目...
                
INFO    2025-04-09 10:09:01,404E:\Software Test\Auto Test\CathyAuto\cathyDemo1\logs\info-2025-04-09.log:log_decorator.py:39 
======================================================
用例标题: 正常登录
请求路径: https://www.wanandroid.com/user/login
请求方式: POST
请求头:   {'User-Agent': 'python-requests/2.26.0', 'Accept-Encoding': 'gzip, deflate, br', 'Accept': '*/*', 'Connection': 'keep-alive', 'Content-Length': '36', 'Content-Type': 'application/x-www-form-urlencoded'}
请求内容: {'username': '18800000001', 'password': '123456'}
接口响应内容: {"data":null,"errorCode":-1,"errorMsg":"账号密码不匹配！"}
接口响应时长: 276 ms
Http状态码: 200
=====================================================
INFO    2025-04-09 10:09:01,933E:\Software Test\Auto Test\CathyAuto\cathyDemo1\logs\info-2025-04-09.log:log_decorator.py:39 
======================================================
用例标题: 输入错误的密码
请求路径: https://www.wanandroid.com/user/login
请求方式: POST
请求头:   {'User-Agent': 'python-requests/2.26.0', 'Accept-Encoding': 'gzip, deflate, br', 'Accept': '*/*', 'Connection': 'keep-alive', 'Content-Type': 'multipart/form-data; boundary=c0f1d253ba004ecc93f4dbda7c6e34a7', 'Content-Length': '232'}
请求内容: {'username': '18800000001', 'password': '12345'}
接口响应内容: {"data":null,"errorCode":-1,"errorMsg":"账号密码不匹配！"}
接口响应时长: 271 ms
Http状态码: 200
=====================================================
INFO    2025-04-09 10:09:02,208E:\Software Test\Auto Test\CathyAuto\cathyDemo1\logs\info-2025-04-09.log:log_decorator.py:39 
======================================================
用例标题: 登录密码为空
请求路径: https://www.wanandroid.com/user/login
请求方式: POST
请求头:   {'User-Agent': 'python-requests/2.26.0', 'Accept-Encoding': 'gzip, deflate, br', 'Accept': '*/*', 'Connection': 'keep-alive', 'Content-Type': 'multipart/form-data; boundary=c7d7c4db302f41b8ac211f6e6517eb28', 'Content-Length': '231'}
请求内容: {'username': '18800000001', 'password': None}
接口响应内容: {"data":null,"errorCode":-1,"errorMsg":"账号密码不匹配！"}
接口响应时长: 266 ms
Http状态码: 200
=====================================================
INFO    2025-04-09 10:09:02,851E:\Software Test\Auto Test\CathyAuto\cathyDemo1\logs\info-2025-04-09.log:log_decorator.py:39 
======================================================
用例标题: 输入非1开头的手机号码
请求路径: https://www.wanandroid.com/user/login
请求方式: POST
请求头:   {'User-Agent': 'python-requests/2.26.0', 'Accept-Encoding': 'gzip, deflate, br', 'Accept': '*/*', 'Connection': 'keep-alive', 'Content-Type': 'multipart/form-data; boundary=a2b0b91bc83d4fbe950344b23a19b4f0', 'Content-Length': '232'}
请求内容: {'username': '28800000001', 'password': '12345'}
接口响应内容: {"data":null,"errorCode":-1,"errorMsg":"账号密码不匹配！"}
接口响应时长: 632 ms
Http状态码: 200
=====================================================
INFO    2025-04-09 10:09:03,189E:\Software Test\Auto Test\CathyAuto\cathyDemo1\logs\info-2025-04-09.log:log_decorator.py:39 
======================================================
用例标题: 输入手机号码小于11位
请求路径: https://www.wanandroid.com/user/login
请求方式: POST
请求头:   {'User-Agent': 'python-requests/2.26.0', 'Accept-Encoding': 'gzip, deflate, br', 'Accept': '*/*', 'Connection': 'keep-alive', 'Content-Type': 'multipart/form-data; boundary=23a50bbffc38410291ef8afdd4a229e5', 'Content-Length': '231'}
请求内容: {'username': '1880000000', 'password': '12345'}
接口响应内容: {"data":null,"errorCode":-1,"errorMsg":"账号密码不匹配！"}
接口响应时长: 322 ms
Http状态码: 200
=====================================================
INFO    2025-04-09 10:09:03,475E:\Software Test\Auto Test\CathyAuto\cathyDemo1\logs\info-2025-04-09.log:log_decorator.py:39 
======================================================
用例标题: 输入手机号码大于于11位
请求路径: https://www.wanandroid.com/user/login
请求方式: POST
请求头:   {'User-Agent': 'python-requests/2.26.0', 'Accept-Encoding': 'gzip, deflate, br', 'Accept': '*/*', 'Connection': 'keep-alive', 'Content-Type': 'multipart/form-data; boundary=79465875936c4962b2f2a94e62a53f8b', 'Content-Length': '232'}
请求内容: {'username': '18800000000', 'password': '12345'}
接口响应内容: {"data":null,"errorCode":-1,"errorMsg":"账号密码不匹配！"}
接口响应时长: 273 ms
Http状态码: 200
=====================================================
INFO    2025-04-09 10:09:03,768E:\Software Test\Auto Test\CathyAuto\cathyDemo1\logs\info-2025-04-09.log:log_decorator.py:39 
======================================================
用例标题: 手机号码为空
请求路径: https://www.wanandroid.com/user/login
请求方式: POST
请求头:   {'User-Agent': 'python-requests/2.26.0', 'Accept-Encoding': 'gzip, deflate, br', 'Accept': '*/*', 'Connection': 'keep-alive', 'Content-Type': 'multipart/form-data; boundary=a4564841c7ce47a5a6b222b81c5177ba', 'Content-Length': '225'}
请求内容: {'username': None, 'password': '12345'}
接口响应内容: {"data":null,"errorCode":-1,"errorMsg":"账号密码不匹配！"}
接口响应时长: 276 ms
Http状态码: 200
=====================================================
INFO    2025-04-09 10:09:04,094E:\Software Test\Auto Test\CathyAuto\cathyDemo1\logs\info-2025-04-09.log:log_decorator.py:39 
======================================================
用例标题: 手机号码首位包含空格
请求路径: https://www.wanandroid.com/user/login
请求方式: POST
请求头:   {'User-Agent': 'python-requests/2.26.0', 'Accept-Encoding': 'gzip, deflate, br', 'Accept': '*/*', 'Connection': 'keep-alive', 'Content-Type': 'multipart/form-data; boundary=578a5bd6194c4b98850072fde028812b', 'Content-Length': '234'}
请求内容: {'username': ' 18867507063 ', 'password': '12345'}
接口响应内容: {"data":null,"errorCode":-1,"errorMsg":"账号密码不匹配！"}
接口响应时长: 317 ms
Http状态码: 200
=====================================================
INFO    2025-04-09 10:13:55,328E:\Software Test\Auto Test\CathyAuto\cathyDemo1\logs\info-2025-04-09.log:run.py:20 
                             _    _         _      _____         _
              __ _ _ __ (_)  / \  _   _| |_ __|_   _|__  ___| |_
             / _` | '_ \| | / _ \| | | | __/ _ \| |/ _ \/ __| __|
            | (_| | |_) | |/ ___ \ |_| | || (_) | |  __/\__ \ |_
             \__,_| .__/|_/_/   \_\__,_|\__\___/|_|\___||___/\__|
                  |_|
                  开始执行xxx项目名称项目...
                
INFO    2025-04-09 10:13:57,256E:\Software Test\Auto Test\CathyAuto\cathyDemo1\logs\info-2025-04-09.log:log_decorator.py:39 
======================================================
用例标题: 正常登录
请求路径: https://www.wanandroid.com/user/login
请求方式: POST
请求头:   {'User-Agent': 'python-requests/2.26.0', 'Accept-Encoding': 'gzip, deflate, br', 'Accept': '*/*', 'Connection': 'keep-alive', 'Content-Length': '36', 'Content-Type': 'application/x-www-form-urlencoded'}
请求内容: {'username': '18800000001', 'password': '123456'}
接口响应内容: {"data":null,"errorCode":-1,"errorMsg":"账号密码不匹配！"}
接口响应时长: 299 ms
Http状态码: 200
=====================================================
INFO    2025-04-09 10:13:57,835E:\Software Test\Auto Test\CathyAuto\cathyDemo1\logs\info-2025-04-09.log:log_decorator.py:39 
======================================================
用例标题: 输入错误的密码
请求路径: https://www.wanandroid.com/user/login
请求方式: POST
请求头:   {'User-Agent': 'python-requests/2.26.0', 'Accept-Encoding': 'gzip, deflate, br', 'Accept': '*/*', 'Connection': 'keep-alive', 'Content-Type': 'multipart/form-data; boundary=6949ce8edb714c53ae8866a5c6d0f0e8', 'Content-Length': '232'}
请求内容: {'username': '18800000001', 'password': '12345'}
接口响应内容: {"data":null,"errorCode":-1,"errorMsg":"账号密码不匹配！"}
接口响应时长: 303 ms
Http状态码: 200
=====================================================
INFO    2025-04-09 10:13:58,165E:\Software Test\Auto Test\CathyAuto\cathyDemo1\logs\info-2025-04-09.log:log_decorator.py:39 
======================================================
用例标题: 登录密码为空
请求路径: https://www.wanandroid.com/user/login
请求方式: POST
请求头:   {'User-Agent': 'python-requests/2.26.0', 'Accept-Encoding': 'gzip, deflate, br', 'Accept': '*/*', 'Connection': 'keep-alive', 'Content-Type': 'multipart/form-data; boundary=f956e0f0d5b74e9abd52f57fd5128530', 'Content-Length': '231'}
请求内容: {'username': '18800000001', 'password': None}
接口响应内容: {"data":null,"errorCode":-1,"errorMsg":"账号密码不匹配！"}
接口响应时长: 318 ms
Http状态码: 200
=====================================================
INFO    2025-04-09 10:13:58,532E:\Software Test\Auto Test\CathyAuto\cathyDemo1\logs\info-2025-04-09.log:log_decorator.py:39 
======================================================
用例标题: 输入非1开头的手机号码
请求路径: https://www.wanandroid.com/user/login
请求方式: POST
请求头:   {'User-Agent': 'python-requests/2.26.0', 'Accept-Encoding': 'gzip, deflate, br', 'Accept': '*/*', 'Connection': 'keep-alive', 'Content-Type': 'multipart/form-data; boundary=6bb0952742ca4c90b9207f1dbc91b011', 'Content-Length': '232'}
请求内容: {'username': '28800000001', 'password': '12345'}
接口响应内容: {"data":null,"errorCode":-1,"errorMsg":"账号密码不匹配！"}
接口响应时长: 354 ms
Http状态码: 200
=====================================================
INFO    2025-04-09 10:13:58,880E:\Software Test\Auto Test\CathyAuto\cathyDemo1\logs\info-2025-04-09.log:log_decorator.py:39 
======================================================
用例标题: 输入手机号码小于11位
请求路径: https://www.wanandroid.com/user/login
请求方式: POST
请求头:   {'User-Agent': 'python-requests/2.26.0', 'Accept-Encoding': 'gzip, deflate, br', 'Accept': '*/*', 'Connection': 'keep-alive', 'Content-Type': 'multipart/form-data; boundary=e264d0b443bc40a2b9c7a358a5631ce0', 'Content-Length': '231'}
请求内容: {'username': '1880000000', 'password': '12345'}
接口响应内容: {"data":null,"errorCode":-1,"errorMsg":"账号密码不匹配！"}
接口响应时长: 335 ms
Http状态码: 200
=====================================================
INFO    2025-04-09 10:13:59,201E:\Software Test\Auto Test\CathyAuto\cathyDemo1\logs\info-2025-04-09.log:log_decorator.py:39 
======================================================
用例标题: 输入手机号码大于于11位
请求路径: https://www.wanandroid.com/user/login
请求方式: POST
请求头:   {'User-Agent': 'python-requests/2.26.0', 'Accept-Encoding': 'gzip, deflate, br', 'Accept': '*/*', 'Connection': 'keep-alive', 'Content-Type': 'multipart/form-data; boundary=18a959e53bfb4f5c9c1507bdc6823a3c', 'Content-Length': '232'}
请求内容: {'username': '18800000000', 'password': '12345'}
接口响应内容: {"data":null,"errorCode":-1,"errorMsg":"账号密码不匹配！"}
接口响应时长: 290 ms
Http状态码: 200
=====================================================
INFO    2025-04-09 10:13:59,478E:\Software Test\Auto Test\CathyAuto\cathyDemo1\logs\info-2025-04-09.log:log_decorator.py:39 
======================================================
用例标题: 手机号码为空
请求路径: https://www.wanandroid.com/user/login
请求方式: POST
请求头:   {'User-Agent': 'python-requests/2.26.0', 'Accept-Encoding': 'gzip, deflate, br', 'Accept': '*/*', 'Connection': 'keep-alive', 'Content-Type': 'multipart/form-data; boundary=31c65e886e1440ac900d742b4e606711', 'Content-Length': '225'}
请求内容: {'username': None, 'password': '12345'}
接口响应内容: {"data":null,"errorCode":-1,"errorMsg":"账号密码不匹配！"}
接口响应时长: 264 ms
Http状态码: 200
=====================================================
INFO    2025-04-09 10:13:59,763E:\Software Test\Auto Test\CathyAuto\cathyDemo1\logs\info-2025-04-09.log:log_decorator.py:39 
======================================================
用例标题: 手机号码首位包含空格
请求路径: https://www.wanandroid.com/user/login
请求方式: POST
请求头:   {'User-Agent': 'python-requests/2.26.0', 'Accept-Encoding': 'gzip, deflate, br', 'Accept': '*/*', 'Connection': 'keep-alive', 'Content-Type': 'multipart/form-data; boundary=57d62d5cf9f1443e94c4ddd911396377', 'Content-Length': '234'}
请求内容: {'username': ' 18867507063 ', 'password': '12345'}
接口响应内容: {"data":null,"errorCode":-1,"errorMsg":"账号密码不匹配！"}
接口响应时长: 269 ms
Http状态码: 200
=====================================================
ERROR   2025-04-09 10:13:59,775E:\Software Test\Auto Test\CathyAuto\cathyDemo1\logs\info-2025-04-09.log:conftest.py:115 用例总数: 8
ERROR   2025-04-09 10:13:59,775E:\Software Test\Auto Test\CathyAuto\cathyDemo1\logs\info-2025-04-09.log:conftest.py:116 异常用例数: 0
INFO    2025-04-09 10:13:59,777E:\Software Test\Auto Test\CathyAuto\cathyDemo1\logs\info-2025-04-09.log:conftest.py:119 用例执行时长: 3.88 s
INFO    2025-04-09 10:13:59,777E:\Software Test\Auto Test\CathyAuto\cathyDemo1\logs\info-2025-04-09.log:conftest.py:123 用例成功率: 87.50 %
