ERROR   2025-04-08 14:52:04,155E:\Software Test\Auto Test\CathyAuto\cathyDemo1\logs\info-2025-04-08.log:log_control.py:84 测试
INFO    2025-04-08 14:52:26,938E:\Software Test\Auto Test\CathyAuto\cathyDemo1\logs\info-2025-04-08.log:log_control.py:84 测试
INFO    2025-04-08 16:36:35,940E:\Software Test\Auto Test\CathyAuto\cathyDemo1\logs\info-2025-04-08.log:run.py:20 
                             _    _         _      _____         _
              __ _ _ __ (_)  / \  _   _| |_ __|_   _|__  ___| |_
             / _` | '_ \| | / _ \| | | | __/ _ \| |/ _ \/ __| __|
            | (_| | |_) | |/ ___ \ |_| | || (_) | |  __/\__ \ |_
             \__,_| .__/|_/_/   \_\__,_|\__\___/|_|\___||___/\__|
                  |_|
                  开始执行xxx项目名称项目...
                
INFO    2025-04-08 16:36:59,562E:\Software Test\Auto Test\CathyAuto\cathyDemo1\logs\info-2025-04-08.log:run.py:20 
                             _    _         _      _____         _
              __ _ _ __ (_)  / \  _   _| |_ __|_   _|__  ___| |_
             / _` | '_ \| | / _ \| | | | __/ _ \| |/ _ \/ __| __|
            | (_| | |_) | |/ ___ \ |_| | || (_) | |  __/\__ \ |_
             \__,_| .__/|_/_/   \_\__,_|\__\___/|_|\___||___/\__|
                  |_|
                  开始执行xxx项目名称项目...
                
INFO    2025-04-08 16:37:48,498E:\Software Test\Auto Test\CathyAuto\cathyDemo1\logs\info-2025-04-08.log:run.py:17 
                             _    _         _      _____         _
              __ _ _ __ (_)  / \  _   _| |_ __|_   _|__  ___| |_
             / _` | '_ \| | / _ \| | | | __/ _ \| |/ _ \/ __| __|
            | (_| | |_) | |/ ___ \ |_| | || (_) | |  __/\__ \ |_
             \__,_| .__/|_/_/   \_\__,_|\__\___/|_|\___||___/\__|
                  |_|
                  开始执行xxx项目名称项目...
                
